<?xml version="1.0" encoding="UTF-8"?>
<testng-results ignored="0" total="2" passed="2" failed="0" skipped="0">
  <reporter-output>
    <line>
      <![CDATA[Setting up reports and test is getting ready]]>
    </line>
    <line>
      <![CDATA[Setting Done Test Can be started]]>
    </line>
    <line>
      <![CDATA[Trying to start browser and getting application ready]]>
    </line>
    <line>
      <![CDATA[Browser and application is up and running]]>
    </line>
    <line>
      <![CDATA[<br>Bookstore elements matched, correct user logged in ]]>
    </line>
    <line>
      <![CDATA[Test about to end]]>
    </line>
    <line>
      <![CDATA[Test Completed - Report Generated]]>
    </line>
    <line>
      <![CDATA[Web Page launched correctly.. ]]>
    </line>
    <line>
      <![CDATA[<br>Dashboard elements matched, correct user logged in ]]>
    </line>
    <line>
      <![CDATA[Test about to end]]>
    </line>
    <line>
      <![CDATA[Test Completed - Report Generated]]>
    </line>
  </reporter-output>
  <suite started-at="2025-06-21T17:33:13 IST" name="Suite" finished-at="2025-06-21T17:33:18 IST" duration-ms="5055">
    <groups>
    </groups>
    <test started-at="2025-06-21T17:33:13 IST" name="Test" finished-at="2025-06-21T17:33:18 IST" duration-ms="5055">
      <class name="com.org.testcases.BookManagementTest">
        <test-method is-config="true" signature="setUpSuite()[pri:0, instance:com.org.testcases.BookManagementTest@1f59a598]" started-at="2025-06-21T17:33:13 IST" name="setUpSuite" finished-at="2025-06-21T17:33:13 IST" duration-ms="116" status="PASS">
          <reporter-output>
            <line>
              <![CDATA[Setting up reports and test is getting ready]]>
            </line>
            <line>
              <![CDATA[Setting Done Test Can be started]]>
            </line>
          </reporter-output>
        </test-method> <!-- setUpSuite -->
        <test-method is-config="true" signature="setup()[pri:0, instance:com.org.testcases.BookManagementTest@1f59a598]" started-at="2025-06-21T17:33:13 IST" name="setup" finished-at="2025-06-21T17:33:17 IST" duration-ms="3672" status="PASS">
          <reporter-output>
            <line>
              <![CDATA[Trying to start browser and getting application ready]]>
            </line>
            <line>
              <![CDATA[Browser and application is up and running]]>
            </line>
          </reporter-output>
        </test-method> <!-- setup -->
        <test-method signature="addAuthor()[pri:0, instance:com.org.testcases.BookManagementTest@1f59a598]" started-at="2025-06-21T17:33:17 IST" name="addAuthor" finished-at="2025-06-21T17:33:17 IST" duration-ms="713" status="PASS">
          <reporter-output>
            <line>
              <![CDATA[<br>Bookstore elements matched, correct user logged in ]]>
            </line>
          </reporter-output>
        </test-method> <!-- addAuthor -->
        <test-method is-config="true" signature="teardownMethod(org.testng.ITestResult)[pri:0, instance:com.org.testcases.BookManagementTest@1f59a598]" started-at="2025-06-21T17:33:17 IST" name="teardownMethod" finished-at="2025-06-21T17:33:18 IST" duration-ms="199" status="PASS">
          <params>
            <param index="0">
              <value>
                <![CDATA[[TestResult name=addAuthor status=SUCCESS method=BookManagementTest.addAuthor()[pri:0, instance:com.org.testcases.BookManagementTest@1f59a598] output=<br>Bookstore elements matched, correct user logged in ]]]>
              </value>
            </param>
          </params>
          <reporter-output>
            <line>
              <![CDATA[Test about to end]]>
            </line>
            <line>
              <![CDATA[Test Completed - Report Generated]]>
            </line>
          </reporter-output>
        </test-method> <!-- teardownMethod -->
        <test-method signature="addBook()[pri:0, instance:com.org.testcases.BookManagementTest@1f59a598]" started-at="2025-06-21T17:33:18 IST" name="addBook" finished-at="2025-06-21T17:33:18 IST" duration-ms="324" status="PASS">
          <reporter-output>
            <line>
              <![CDATA[Web Page launched correctly.. ]]>
            </line>
            <line>
              <![CDATA[<br>Dashboard elements matched, correct user logged in ]]>
            </line>
          </reporter-output>
        </test-method> <!-- addBook -->
        <test-method is-config="true" signature="teardownMethod(org.testng.ITestResult)[pri:0, instance:com.org.testcases.BookManagementTest@1f59a598]" started-at="2025-06-21T17:33:18 IST" name="teardownMethod" finished-at="2025-06-21T17:33:18 IST" duration-ms="7" status="PASS">
          <params>
            <param index="0">
              <value>
                <![CDATA[[TestResult name=addBook status=SUCCESS method=BookManagementTest.addBook()[pri:0, instance:com.org.testcases.BookManagementTest@1f59a598] output=Web Page launched correctly.. ]]]>
              </value>
            </param>
          </params>
          <reporter-output>
            <line>
              <![CDATA[Test about to end]]>
            </line>
            <line>
              <![CDATA[Test Completed - Report Generated]]>
            </line>
          </reporter-output>
        </test-method> <!-- teardownMethod -->
        <test-method is-config="true" signature="tearDown()[pri:0, instance:com.org.testcases.BookManagementTest@1f59a598]" started-at="2025-06-21T17:33:18 IST" name="tearDown" finished-at="2025-06-21T17:33:18 IST" duration-ms="118" status="PASS">
          <reporter-output>
          </reporter-output>
        </test-method> <!-- tearDown -->
      </class> <!-- com.org.testcases.BookManagementTest -->
    </test> <!-- Test -->
  </suite> <!-- Suite -->
</testng-results>
