<?xml version="1.0" encoding="UTF-8"?>
<testsuite xmlns:xsi="http://www.w3.org/2001/XMLSchema-instance" xsi:noNamespaceSchemaLocation="https://maven.apache.org/surefire/maven-surefire-plugin/xsd/surefire-test-report.xsd" version="3.0.2" name="TestSuite" time="5.564" tests="2" errors="0" skipped="0" failures="0">
  <properties>
[...]
</properties>
  <testcase name="addAuthor" classname="com.org.testcases.BookManagementTest" time="0.714">
    <system-out><![CDATA[Setting up reports and test is getting ready
Setting Done Test Can be started
Trying to start browser and getting application ready
Accessing the element, having locator -> By.xpath: (//input[@placeholder='Name'])[2]
Accessing the element, having locator -> By.xpath: //input[@placeholder='Birth Date']
Accessing the element, having locator -> By.xpath: //button[text()='Add Author']
]]></system-out>
    <system-err><![CDATA[SLF4J: Failed to load class "org.slf4j.impl.StaticLoggerBinder".
SLF4J: Defaulting to no-operation (NOP) logger implementation
SLF4J: See http://www.slf4j.org/codes.html#StaticLoggerBinder for further details.
ERROR StatusLogger Log4j2 could not find a logging implementation. Please add log4j-core to the classpath. Using SimpleLogger to log to the console...
]]></system-err>
  </testcase>
  <testcase name="addBook" classname="com.org.testcases.BookManagementTest" time="0.324">
    <system-out><![CDATA[Test about to end
Test Completed - Report Generated
Web Page launched correctly.. 
Accessing the element, having locator -> By.xpath: //input[@placeholder='Name']
Accessing the element, having locator -> By.xpath: //input[@placeholder='Description']
Accessing the element, having locator -> By.xpath: //input[@placeholder='Price']
Accessing the element, having locator -> By.xpath: //button[text()='Add Book']
]]></system-out>
  </testcase>
</testsuite>